2026-01-10 13:39:00,536 - ERROR - __main__ - psutil process info failed for pid 20: process PID not found (pid=20)
Traceback (most recent call last):
  File "/home/container/bot.py", line 624, in get_bot_usage
    proc = psutil.Process(pid)
           ^^^^^^^^^^^^^^^^^^^
  File "/home/container/.local/lib/python3.11/site-packages/psutil/__init__.py", line 314, in __init__
    self._init(pid)
  File "/home/container/.local/lib/python3.11/site-packages/psutil/__init__.py", line 360, in _init
    raise NoSuchProcess(pid, msg=msg) from None
psutil.NoSuchProcess: process PID not found (pid=20)
2026-01-10 13:39:02,885 - ERROR - __main__ - psutil process info failed for pid 20: process PID not found (pid=20)
Traceback (most recent call last):
  File "/home/container/bot.py", line 624, in get_bot_usage
    proc = psutil.Process(pid)
           ^^^^^^^^^^^^^^^^^^^
  File "/home/container/.local/lib/python3.11/site-packages/psutil/__init__.py", line 314, in __init__
    self._init(pid)
  File "/home/container/.local/lib/python3.11/site-packages/psutil/__init__.py", line 360, in _init
    raise NoSuchProcess(pid, msg=msg) from None
psutil.NoSuchProcess: process PID not found (pid=20)
2026-01-10 13:39:02,975 - ERROR - __main__ - psutil process info failed for pid 20: process PID not found (pid=20)
Traceback (most recent call last):
  File "/home/container/bot.py", line 624, in get_bot_usage
    proc = psutil.Process(pid)
           ^^^^^^^^^^^^^^^^^^^
  File "/home/container/.local/lib/python3.11/site-packages/psutil/__init__.py", line 314, in __init__
    self._init(pid)
  File "/home/container/.local/lib/python3.11/site-packages/psutil/__init__.py", line 360, in _init
    raise NoSuchProcess(pid, msg=msg) from None
psutil.NoSuchProcess: process PID not found (pid=20)
2026-01-10 13:39:04,916 - ERROR - __main__ - psutil process info failed for pid 20: process PID not found (pid=20)
Traceback (most recent call last):
  File "/home/container/bot.py", line 624, in get_bot_usage
    proc = psutil.Process(pid)
           ^^^^^^^^^^^^^^^^^^^
  File "/home/container/.local/lib/python3.11/site-packages/psutil/__init__.py", line 314, in __init__
    self._init(pid)
  File "/home/container/.local/lib/python3.11/site-packages/psutil/__init__.py", line 360, in _init
    raise NoSuchProcess(pid, msg=msg) from None
psutil.NoSuchProcess: process PID not found (pid=20)
2026-01-10 13:39:11,241 - ERROR - __main__ - psutil process info failed for pid 21: process PID not found (pid=21)
Traceback (most recent call last):
  File "/home/container/bot.py", line 624, in get_bot_usage
    proc = psutil.Process(pid)
           ^^^^^^^^^^^^^^^^^^^
  File "/home/container/.local/lib/python3.11/site-packages/psutil/__init__.py", line 314, in __init__
    self._init(pid)
  File "/home/container/.local/lib/python3.11/site-packages/psutil/__init__.py", line 360, in _init
    raise NoSuchProcess(pid, msg=msg) from None
psutil.NoSuchProcess: process PID not found (pid=21)
2026-01-10 13:39:13,281 - ERROR - __main__ - psutil process info failed for pid 21: process PID not found (pid=21)
Traceback (most recent call last):
  File "/home/container/bot.py", line 624, in get_bot_usage
    proc = psutil.Process(pid)
           ^^^^^^^^^^^^^^^^^^^
  File "/home/container/.local/lib/python3.11/site-packages/psutil/__init__.py", line 314, in __init__
    self._init(pid)
  File "/home/container/.local/lib/python3.11/site-packages/psutil/__init__.py", line 360, in _init
    raise NoSuchProcess(pid, msg=msg) from None
psutil.NoSuchProcess: process PID not found (pid=21)
2026-01-10 13:39:15,309 - ERROR - __main__ - psutil process info failed for pid 21: process PID not found (pid=21)
Traceback (most recent call last):
  File "/home/container/bot.py", line 624, in get_bot_usage
    proc = psutil.Process(pid)
           ^^^^^^^^^^^^^^^^^^^
  File "/home/container/.local/lib/python3.11/site-packages/psutil/__init__.py", line 314, in __init__
    self._init(pid)
  File "/home/container/.local/lib/python3.11/site-packages/psutil/__init__.py", line 360, in _init
    raise NoSuchProcess(pid, msg=msg) from None
psutil.NoSuchProcess: process PID not found (pid=21)
2026-01-10 13:39:17,354 - ERROR - __main__ - psutil process info failed for pid 21: process PID not found (pid=21)
Traceback (most recent call last):
  File "/home/container/bot.py", line 624, in get_bot_usage
    proc = psutil.Process(pid)
           ^^^^^^^^^^^^^^^^^^^
  File "/home/container/.local/lib/python3.11/site-packages/psutil/__init__.py", line 314, in __init__
    self._init(pid)
  File "/home/container/.local/lib/python3.11/site-packages/psutil/__init__.py", line 360, in _init
    raise NoSuchProcess(pid, msg=msg) from None
psutil.NoSuchProcess: process PID not found (pid=21)
2026-01-10 13:39:19,398 - ERROR - __main__ - psutil process info failed for pid 21: process PID not found (pid=21)
Traceback (most recent call last):
  File "/home/container/bot.py", line 624, in get_bot_usage
    proc = psutil.Process(pid)
           ^^^^^^^^^^^^^^^^^^^
  File "/home/container/.local/lib/python3.11/site-packages/psutil/__init__.py", line 314, in __init__
    self._init(pid)
  File "/home/container/.local/lib/python3.11/site-packages/psutil/__init__.py", line 360, in _init
    raise NoSuchProcess(pid, msg=msg) from None
psutil.NoSuchProcess: process PID not found (pid=21)
2026-01-10 13:39:21,518 - ERROR - __main__ - psutil process info failed for pid 21: process PID not found (pid=21)
Traceback (most recent call last):
  File "/home/container/bot.py", line 624, in get_bot_usage
    proc = psutil.Process(pid)
           ^^^^^^^^^^^^^^^^^^^
  File "/home/container/.local/lib/python3.11/site-packages/psutil/__init__.py", line 314, in __init__
    self._init(pid)
  File "/home/container/.local/lib/python3.11/site-packages/psutil/__init__.py", line 360, in _init
    raise NoSuchProcess(pid, msg=msg) from None
psutil.NoSuchProcess: process PID not found (pid=21)
2026-01-10 13:39:23,555 - ERROR - __main__ - psutil process info failed for pid 21: process PID not found (pid=21)
Traceback (most recent call last):
  File "/home/container/bot.py", line 624, in get_bot_usage
    proc = psutil.Process(pid)
           ^^^^^^^^^^^^^^^^^^^
  File "/home/container/.local/lib/python3.11/site-packages/psutil/__init__.py", line 314, in __init__
    self._init(pid)
  File "/home/container/.local/lib/python3.11/site-packages/psutil/__init__.py", line 360, in _init
    raise NoSuchProcess(pid, msg=msg) from None
psutil.NoSuchProcess: process PID not found (pid=21)
2026-01-10 13:39:25,601 - ERROR - __main__ - psutil process info failed for pid 21: process PID not found (pid=21)
Traceback (most recent call last):
  File "/home/container/bot.py", line 624, in get_bot_usage
    proc = psutil.Process(pid)
           ^^^^^^^^^^^^^^^^^^^
  File "/home/container/.local/lib/python3.11/site-packages/psutil/__init__.py", line 314, in __init__
    self._init(pid)
  File "/home/container/.local/lib/python3.11/site-packages/psutil/__init__.py", line 360, in _init
    raise NoSuchProcess(pid, msg=msg) from None
psutil.NoSuchProcess: process PID not found (pid=21)
2026-01-10 13:39:27,630 - ERROR - __main__ - psutil process info failed for pid 21: process PID not found (pid=21)
Traceback (most recent call last):
  File "/home/container/bot.py", line 624, in get_bot_usage
    proc = psutil.Process(pid)
           ^^^^^^^^^^^^^^^^^^^
  File "/home/container/.local/lib/python3.11/site-packages/psutil/__init__.py", line 314, in __init__
    self._init(pid)
  File "/home/container/.local/lib/python3.11/site-packages/psutil/__init__.py", line 360, in _init
    raise NoSuchProcess(pid, msg=msg) from None
psutil.NoSuchProcess: process PID not found (pid=21)
2026-01-10 13:39:29,732 - ERROR - __main__ - psutil process info failed for pid 21: process PID not found (pid=21)
Traceback (most recent call last):
  File "/home/container/bot.py", line 624, in get_bot_usage
    proc = psutil.Process(pid)
           ^^^^^^^^^^^^^^^^^^^
  File "/home/container/.local/lib/python3.11/site-packages/psutil/__init__.py", line 314, in __init__
    self._init(pid)
  File "/home/container/.local/lib/python3.11/site-packages/psutil/__init__.py", line 360, in _init
    raise NoSuchProcess(pid, msg=msg) from None
psutil.NoSuchProcess: process PID not found (pid=21)
2026-01-10 13:39:31,785 - ERROR - __main__ - psutil process info failed for pid 21: process PID not found (pid=21)
Traceback (most recent call last):
  File "/home/container/bot.py", line 624, in get_bot_usage
    proc = psutil.Process(pid)
           ^^^^^^^^^^^^^^^^^^^
  File "/home/container/.local/lib/python3.11/site-packages/psutil/__init__.py", line 314, in __init__
    self._init(pid)
  File "/home/container/.local/lib/python3.11/site-packages/psutil/__init__.py", line 360, in _init
    raise NoSuchProcess(pid, msg=msg) from None
psutil.NoSuchProcess: process PID not found (pid=21)
2026-01-10 13:39:32,993 - ERROR - __main__ - psutil process info failed for pid 21: process PID not found (pid=21)
Traceback (most recent call last):
  File "/home/container/bot.py", line 624, in get_bot_usage
    proc = psutil.Process(pid)
           ^^^^^^^^^^^^^^^^^^^
  File "/home/container/.local/lib/python3.11/site-packages/psutil/__init__.py", line 314, in __init__
    self._init(pid)
  File "/home/container/.local/lib/python3.11/site-packages/psutil/__init__.py", line 360, in _init
    raise NoSuchProcess(pid, msg=msg) from None
psutil.NoSuchProcess: process PID not found (pid=21)
2026-01-10 13:39:33,850 - ERROR - __main__ - psutil process info failed for pid 21: process PID not found (pid=21)
Traceback (most recent call last):
  File "/home/container/bot.py", line 624, in get_bot_usage
    proc = psutil.Process(pid)
           ^^^^^^^^^^^^^^^^^^^
  File "/home/container/.local/lib/python3.11/site-packages/psutil/__init__.py", line 314, in __init__
    self._init(pid)
  File "/home/container/.local/lib/python3.11/site-packages/psutil/__init__.py", line 360, in _init
    raise NoSuchProcess(pid, msg=msg) from None
psutil.NoSuchProcess: process PID not found (pid=21)
2026-01-10 13:39:35,949 - ERROR - __main__ - psutil process info failed for pid 21: process PID not found (pid=21)
Traceback (most recent call last):
  File "/home/container/bot.py", line 624, in get_bot_usage
    proc = psutil.Process(pid)
           ^^^^^^^^^^^^^^^^^^^
  File "/home/container/.local/lib/python3.11/site-packages/psutil/__init__.py", line 314, in __init__
    self._init(pid)
  File "/home/container/.local/lib/python3.11/site-packages/psutil/__init__.py", line 360, in _init
    raise NoSuchProcess(pid, msg=msg) from None
psutil.NoSuchProcess: process PID not found (pid=21)
2026-01-10 13:39:37,988 - ERROR - __main__ - psutil process info failed for pid 21: process PID not found (pid=21)
Traceback (most recent call last):
  File "/home/container/bot.py", line 624, in get_bot_usage
    proc = psutil.Process(pid)
           ^^^^^^^^^^^^^^^^^^^
  File "/home/container/.local/lib/python3.11/site-packages/psutil/__init__.py", line 314, in __init__
    self._init(pid)
  File "/home/container/.local/lib/python3.11/site-packages/psutil/__init__.py", line 360, in _init
    raise NoSuchProcess(pid, msg=msg) from None
psutil.NoSuchProcess: process PID not found (pid=21)
2026-01-10 13:39:40,179 - ERROR - __main__ - psutil process info failed for pid 21: process PID not found (pid=21)
Traceback (most recent call last):
  File "/home/container/bot.py", line 624, in get_bot_usage
    proc = psutil.Process(pid)
           ^^^^^^^^^^^^^^^^^^^
  File "/home/container/.local/lib/python3.11/site-packages/psutil/__init__.py", line 314, in __init__
    self._init(pid)
  File "/home/container/.local/lib/python3.11/site-packages/psutil/__init__.py", line 360, in _init
    raise NoSuchProcess(pid, msg=msg) from None
psutil.NoSuchProcess: process PID not found (pid=21)
2026-01-10 13:39:42,225 - ERROR - __main__ - psutil process info failed for pid 21: process PID not found (pid=21)
Traceback (most recent call last):
  File "/home/container/bot.py", line 624, in get_bot_usage
    proc = psutil.Process(pid)
           ^^^^^^^^^^^^^^^^^^^
  File "/home/container/.local/lib/python3.11/site-packages/psutil/__init__.py", line 314, in __init__
    self._init(pid)
  File "/home/container/.local/lib/python3.11/site-packages/psutil/__init__.py", line 360, in _init
    raise NoSuchProcess(pid, msg=msg) from None
psutil.NoSuchProcess: process PID not found (pid=21)
2026-01-10 13:39:47,351 - ERROR - __main__ - psutil process info failed for pid 21: process PID not found (pid=21)
Traceback (most recent call last):
  File "/home/container/bot.py", line 624, in get_bot_usage
    proc = psutil.Process(pid)
           ^^^^^^^^^^^^^^^^^^^
  File "/home/container/.local/lib/python3.11/site-packages/psutil/__init__.py", line 314, in __init__
    self._init(pid)
  File "/home/container/.local/lib/python3.11/site-packages/psutil/__init__.py", line 360, in _init
    raise NoSuchProcess(pid, msg=msg) from None
psutil.NoSuchProcess: process PID not found (pid=21)
2026-01-10 13:39:49,387 - ERROR - __main__ - psutil process info failed for pid 21: process PID not found (pid=21)
Traceback (most recent call last):
  File "/home/container/bot.py", line 624, in get_bot_usage
    proc = psutil.Process(pid)
           ^^^^^^^^^^^^^^^^^^^
  File "/home/container/.local/lib/python3.11/site-packages/psutil/__init__.py", line 314, in __init__
    self._init(pid)
  File "/home/container/.local/lib/python3.11/site-packages/psutil/__init__.py", line 360, in _init
    raise NoSuchProcess(pid, msg=msg) from None
psutil.NoSuchProcess: process PID not found (pid=21)
2026-01-10 13:39:51,418 - ERROR - __main__ - psutil process info failed for pid 21: process PID not found (pid=21)
Traceback (most recent call last):
  File "/home/container/bot.py", line 624, in get_bot_usage
    proc = psutil.Process(pid)
           ^^^^^^^^^^^^^^^^^^^
  File "/home/container/.local/lib/python3.11/site-packages/psutil/__init__.py", line 314, in __init__
    self._init(pid)
  File "/home/container/.local/lib/python3.11/site-packages/psutil/__init__.py", line 360, in _init
    raise NoSuchProcess(pid, msg=msg) from None
psutil.NoSuchProcess: process PID not found (pid=21)
2026-01-10 13:39:53,454 - ERROR - __main__ - psutil process info failed for pid 21: process PID not found (pid=21)
Traceback (most recent call last):
  File "/home/container/bot.py", line 624, in get_bot_usage
    proc = psutil.Process(pid)
           ^^^^^^^^^^^^^^^^^^^
  File "/home/container/.local/lib/python3.11/site-packages/psutil/__init__.py", line 314, in __init__
    self._init(pid)
  File "/home/container/.local/lib/python3.11/site-packages/psutil/__init__.py", line 360, in _init
    raise NoSuchProcess(pid, msg=msg) from None
psutil.NoSuchProcess: process PID not found (pid=21)
2026-01-10 13:39:55,485 - ERROR - __main__ - psutil process info failed for pid 21: process PID not found (pid=21)
Traceback (most recent call last):
  File "/home/container/bot.py", line 624, in get_bot_usage
    proc = psutil.Process(pid)
           ^^^^^^^^^^^^^^^^^^^
  File "/home/container/.local/lib/python3.11/site-packages/psutil/__init__.py", line 314, in __init__
    self._init(pid)
  File "/home/container/.local/lib/python3.11/site-packages/psutil/__init__.py", line 360, in _init
    raise NoSuchProcess(pid, msg=msg) from None
psutil.NoSuchProcess: process PID not found (pid=21)
2026-01-10 13:39:57,513 - ERROR - __main__ - psutil process info failed for pid 21: process PID not found (pid=21)
Traceback (most recent call last):
  File "/home/container/bot.py", line 624, in get_bot_usage
    proc = psutil.Process(pid)
           ^^^^^^^^^^^^^^^^^^^
  File "/home/container/.local/lib/python3.11/site-packages/psutil/__init__.py", line 314, in __init__
    self._init(pid)
  File "/home/container/.local/lib/python3.11/site-packages/psutil/__init__.py", line 360, in _init
    raise NoSuchProcess(pid, msg=msg) from None
psutil.NoSuchProcess: process PID not found (pid=21)
2026-01-10 13:39:59,561 - ERROR - __main__ - psutil process info failed for pid 21: process PID not found (pid=21)
Traceback (most recent call last):
  File "/home/container/bot.py", line 624, in get_bot_usage
    proc = psutil.Process(pid)
           ^^^^^^^^^^^^^^^^^^^
  File "/home/container/.local/lib/python3.11/site-packages/psutil/__init__.py", line 314, in __init__
    self._init(pid)
  File "/home/container/.local/lib/python3.11/site-packages/psutil/__init__.py", line 360, in _init
    raise NoSuchProcess(pid, msg=msg) from None
psutil.NoSuchProcess: process PID not found (pid=21)
2026-01-10 13:40:01,602 - ERROR - __main__ - psutil process info failed for pid 21: process PID not found (pid=21)
Traceback (most recent call last):
  File "/home/container/bot.py", line 624, in get_bot_usage
    proc = psutil.Process(pid)
           ^^^^^^^^^^^^^^^^^^^
  File "/home/container/.local/lib/python3.11/site-packages/psutil/__init__.py", line 314, in __init__
    self._init(pid)
  File "/home/container/.local/lib/python3.11/site-packages/psutil/__init__.py", line 360, in _init
    raise NoSuchProcess(pid, msg=msg) from None
psutil.NoSuchProcess: process PID not found (pid=21)
2026-01-10 13:40:02,330 - ERROR - __main__ - Failed to terminate process 21 for bot 1: [Errno 3] No such process
Traceback (most recent call last):
  File "/home/container/bot.py", line 611, in stop_bot
    os.killpg(os.getpgid(pid), signal.SIGTERM)
              ^^^^^^^^^^^^^^^
ProcessLookupError: [Errno 3] No such process
2026-01-10 13:54:28,741 - ERROR - telegram.ext.Application - No error handlers are registered, logging exception.
Traceback (most recent call last):
  File "/home/container/.local/lib/python3.11/site-packages/telegram/ext/_application.py", line 1315, in process_update
    await coroutine
  File "/home/container/.local/lib/python3.11/site-packages/telegram/ext/_handlers/basehandler.py", line 159, in handle_update
    return await self.callback(update, context)
           ^^^^^^^^^^^^^^^^^^^^^^^^^^^^^^^^^^^^
  File "/home/container/bot.py", line 716, in start
    await context.application.bot.send_message(
  File "/home/container/.local/lib/python3.11/site-packages/telegram/ext/_extbot.py", line 3107, in send_message
    return await super().send_message(
           ^^^^^^^^^^^^^^^^^^^^^^^^^^^
  File "/home/container/.local/lib/python3.11/site-packages/telegram/_bot.py", line 1118, in send_message
    return await self._send_message(
           ^^^^^^^^^^^^^^^^^^^^^^^^^
  File "/home/container/.local/lib/python3.11/site-packages/telegram/ext/_extbot.py", line 634, in _send_message
    result = await super()._send_message(
             ^^^^^^^^^^^^^^^^^^^^^^^^^^^^
  File "/home/container/.local/lib/python3.11/site-packages/telegram/_bot.py", line 819, in _send_message
    result = await self._post(
             ^^^^^^^^^^^^^^^^^
  File "/home/container/.local/lib/python3.11/site-packages/telegram/_bot.py", line 703, in _post
    return await self._do_post(
           ^^^^^^^^^^^^^^^^^^^^
  File "/home/container/.local/lib/python3.11/site-packages/telegram/ext/_extbot.py", line 372, in _do_post
    return await super()._do_post(
           ^^^^^^^^^^^^^^^^^^^^^^^
  File "/home/container/.local/lib/python3.11/site-packages/telegram/_bot.py", line 732, in _do_post
    result = await request.post(
             ^^^^^^^^^^^^^^^^^^^
  File "/home/container/.local/lib/python3.11/site-packages/telegram/request/_baserequest.py", line 198, in post
    result = await self._request_wrapper(
             ^^^^^^^^^^^^^^^^^^^^^^^^^^^^
  File "/home/container/.local/lib/python3.11/site-packages/telegram/request/_baserequest.py", line 375, in _request_wrapper
    raise exception
telegram.error.BadRequest: Can't parse entities: can't find end of the entity starting at byte offset 64
2026-01-10 13:55:06,302 - ERROR - telegram.ext.Application - No error handlers are registered, logging exception.
Traceback (most recent call last):
  File "/home/container/.local/lib/python3.11/site-packages/telegram/ext/_application.py", line 1315, in process_update
    await coroutine
  File "/home/container/.local/lib/python3.11/site-packages/telegram/ext/_handlers/basehandler.py", line 159, in handle_update
    return await self.callback(update, context)
           ^^^^^^^^^^^^^^^^^^^^^^^^^^^^^^^^^^^^
  File "/home/container/bot.py", line 716, in start
    await context.application.bot.send_message(
  File "/home/container/.local/lib/python3.11/site-packages/telegram/ext/_extbot.py", line 3107, in send_message
    return await super().send_message(
           ^^^^^^^^^^^^^^^^^^^^^^^^^^^
  File "/home/container/.local/lib/python3.11/site-packages/telegram/_bot.py", line 1118, in send_message
    return await self._send_message(
           ^^^^^^^^^^^^^^^^^^^^^^^^^
  File "/home/container/.local/lib/python3.11/site-packages/telegram/ext/_extbot.py", line 634, in _send_message
    result = await super()._send_message(
             ^^^^^^^^^^^^^^^^^^^^^^^^^^^^
  File "/home/container/.local/lib/python3.11/site-packages/telegram/_bot.py", line 819, in _send_message
    result = await self._post(
             ^^^^^^^^^^^^^^^^^
  File "/home/container/.local/lib/python3.11/site-packages/telegram/_bot.py", line 703, in _post
    return await self._do_post(
           ^^^^^^^^^^^^^^^^^^^^
  File "/home/container/.local/lib/python3.11/site-packages/telegram/ext/_extbot.py", line 372, in _do_post
    return await super()._do_post(
           ^^^^^^^^^^^^^^^^^^^^^^^
  File "/home/container/.local/lib/python3.11/site-packages/telegram/_bot.py", line 732, in _do_post
    result = await request.post(
             ^^^^^^^^^^^^^^^^^^^
  File "/home/container/.local/lib/python3.11/site-packages/telegram/request/_baserequest.py", line 198, in post
    result = await self._request_wrapper(
             ^^^^^^^^^^^^^^^^^^^^^^^^^^^^
  File "/home/container/.local/lib/python3.11/site-packages/telegram/request/_baserequest.py", line 375, in _request_wrapper
    raise exception
telegram.error.BadRequest: Can't parse entities: can't find end of the entity starting at byte offset 64
2026-01-10 13:55:10,068 - ERROR - telegram.ext.Application - No error handlers are registered, logging exception.
Traceback (most recent call last):
  File "/home/container/.local/lib/python3.11/site-packages/telegram/ext/_application.py", line 1315, in process_update
    await coroutine
  File "/home/container/.local/lib/python3.11/site-packages/telegram/ext/_handlers/basehandler.py", line 159, in handle_update
    return await self.callback(update, context)
           ^^^^^^^^^^^^^^^^^^^^^^^^^^^^^^^^^^^^
  File "/home/container/bot.py", line 716, in start
    await context.application.bot.send_message(
  File "/home/container/.local/lib/python3.11/site-packages/telegram/ext/_extbot.py", line 3107, in send_message
    return await super().send_message(
           ^^^^^^^^^^^^^^^^^^^^^^^^^^^
  File "/home/container/.local/lib/python3.11/site-packages/telegram/_bot.py", line 1118, in send_message
    return await self._send_message(
           ^^^^^^^^^^^^^^^^^^^^^^^^^
  File "/home/container/.local/lib/python3.11/site-packages/telegram/ext/_extbot.py", line 634, in _send_message
    result = await super()._send_message(
             ^^^^^^^^^^^^^^^^^^^^^^^^^^^^
  File "/home/container/.local/lib/python3.11/site-packages/telegram/_bot.py", line 819, in _send_message
    result = await self._post(
             ^^^^^^^^^^^^^^^^^
  File "/home/container/.local/lib/python3.11/site-packages/telegram/_bot.py", line 703, in _post
    return await self._do_post(
           ^^^^^^^^^^^^^^^^^^^^
  File "/home/container/.local/lib/python3.11/site-packages/telegram/ext/_extbot.py", line 372, in _do_post
    return await super()._do_post(
           ^^^^^^^^^^^^^^^^^^^^^^^
  File "/home/container/.local/lib/python3.11/site-packages/telegram/_bot.py", line 732, in _do_post
    result = await request.post(
             ^^^^^^^^^^^^^^^^^^^
  File "/home/container/.local/lib/python3.11/site-packages/telegram/request/_baserequest.py", line 198, in post
    result = await self._request_wrapper(
             ^^^^^^^^^^^^^^^^^^^^^^^^^^^^
  File "/home/container/.local/lib/python3.11/site-packages/telegram/request/_baserequest.py", line 375, in _request_wrapper
    raise exception
telegram.error.BadRequest: Can't parse entities: can't find end of the entity starting at byte offset 64
2026-01-10 14:19:48,923 - ERROR - __main__ - Failed to update auto-refresh message for user 8049455831, bot 2: Flood control exceeded. Retry in 1014 seconds
Traceback (most recent call last):
  File "/home/container/bot.py", line 814, in auto_refresh_task
    await update.callback_query.edit_message_text(text, reply_markup=InlineKeyboardMarkup(keyboard), parse_mode="Markdown")
  File "/home/container/.local/lib/python3.11/site-packages/telegram/_callbackquery.py", line 268, in edit_message_text
    return await self._get_message().edit_text(
           ^^^^^^^^^^^^^^^^^^^^^^^^^^^^^^^^^^^^
  File "/home/container/.local/lib/python3.11/site-packages/telegram/_message.py", line 4142, in edit_text
    return await self.get_bot().edit_message_text(
           ^^^^^^^^^^^^^^^^^^^^^^^^^^^^^^^^^^^^^^^
  File "/home/container/.local/lib/python3.11/site-packages/telegram/ext/_extbot.py", line 1735, in edit_message_text
    return await super().edit_message_text(
           ^^^^^^^^^^^^^^^^^^^^^^^^^^^^^^^^
  File "/home/container/.local/lib/python3.11/site-packages/telegram/_bot.py", line 4463, in edit_message_text
    return await self._send_message(
           ^^^^^^^^^^^^^^^^^^^^^^^^^
  File "/home/container/.local/lib/python3.11/site-packages/telegram/ext/_extbot.py", line 634, in _send_message
    result = await super()._send_message(
             ^^^^^^^^^^^^^^^^^^^^^^^^^^^^
  File "/home/container/.local/lib/python3.11/site-packages/telegram/_bot.py", line 819, in _send_message
    result = await self._post(
             ^^^^^^^^^^^^^^^^^
  File "/home/container/.local/lib/python3.11/site-packages/telegram/_bot.py", line 703, in _post
    return await self._do_post(
           ^^^^^^^^^^^^^^^^^^^^
  File "/home/container/.local/lib/python3.11/site-packages/telegram/ext/_extbot.py", line 372, in _do_post
    return await super()._do_post(
           ^^^^^^^^^^^^^^^^^^^^^^^
  File "/home/container/.local/lib/python3.11/site-packages/telegram/_bot.py", line 732, in _do_post
    result = await request.post(
             ^^^^^^^^^^^^^^^^^^^
  File "/home/container/.local/lib/python3.11/site-packages/telegram/request/_baserequest.py", line 198, in post
    result = await self._request_wrapper(
             ^^^^^^^^^^^^^^^^^^^^^^^^^^^^
  File "/home/container/.local/lib/python3.11/site-packages/telegram/request/_baserequest.py", line 351, in _request_wrapper
    raise RetryAfter(retry_after)
telegram.error.RetryAfter: Flood control exceeded. Retry in 1014 seconds
